<?xml version="1.0" encoding="UTF-8"?>
<!-- Generated by org.testng.reporters.JUnitXMLReporter -->
<testsuite hostname="BLLCLAPUS1410" ignored="0" name="AddToCartTest" tests="5" failures="2" timestamp="2022-03-04T10:42:53 PST" time="49.021" errors="0">
  <testcase name="verifyAddtoCartByAddingMultipleQuantities" time="8.838" classname="com.qa.testscripts.AddtoCartTest">
    <failure type="java.lang.AssertionError" message="expected [2] but found [2]">
      <![CDATA[java.lang.AssertionError: expected [2] but found [2]
at com.qa.testscripts.AddtoCartTest.verifyAddtoCartByAddingMultipleQuantities(AddtoCartTest.java:90)
at java.util.ArrayList.forEach(ArrayList.java:1257)
... Removed 32 stack frames]]>
    </failure>
  </testcase> <!-- verifyAddtoCartByAddingMultipleQuantities -->
  <testcase name="verifyAddtoCartByAddingSameProductMultiplyTimes" time="8.204" classname="com.qa.testscripts.AddtoCartTest">
    <failure type="java.lang.AssertionError" message="expected [3] but found [3]">
      <![CDATA[java.lang.AssertionError: expected [3] but found [3]
at com.qa.testscripts.AddtoCartTest.verifyAddtoCartByAddingSameProductMultiplyTimes(AddtoCartTest.java:125)
at java.util.ArrayList.forEach(ArrayList.java:1257)
... Removed 32 stack frames]]>
    </failure>
  </testcase> <!-- verifyAddtoCartByAddingSameProductMultiplyTimes -->
  <testcase name="verifyAddtoCartByAddingZeroQuantities" time="7.26" classname="com.qa.testscripts.AddtoCartTest"/>
  <testcase name="verifyAddtoCartFromProductsPage" time="9.99" classname="com.qa.testscripts.AddtoCartTest"/>
  <testcase name="verifyAddtoCartFromViewItem" time="8.118" classname="com.qa.testscripts.AddtoCartTest"/>
</testsuite> <!-- AddToCartTest -->
