<?xml version="1.0" encoding="UTF-8"?>
<!-- Generated by org.testng.reporters.JUnitXMLReporter -->
<testsuite hostname="BLLCLAPUS1410" ignored="0" name="CartTest" tests="10" failures="2" timestamp="2022-03-05T16:03:10 PST" time="98.147" errors="0">
  <testcase name="verifyAddToCartAsGuestCustomer" time="9.881" classname="com.qa.testscripts.AddtoCartTest">
    <failure type="java.lang.AssertionError" message="expected [Men Tshirt] but found [Printed Off Shoulder Top - White]">
      <![CDATA[java.lang.AssertionError: expected [Men Tshirt] but found [Printed Off Shoulder Top - White]
at com.qa.testscripts.AddtoCartTest.verifyAddToCartAsGuestCustomer(AddtoCartTest.java:192)
at java.util.ArrayList.forEach(ArrayList.java:1257)
... Removed 33 stack frames]]>
    </failure>
  </testcase> <!-- verifyAddToCartAsGuestCustomer -->
  <testcase name="verifyAddtoCartAsASignedInCustomer" time="10.133" classname="com.qa.testscripts.AddtoCartTest">
    <failure type="java.lang.AssertionError" message="expected [Men Tshirt] but found [Printed Off Shoulder Top - White]">
      <![CDATA[java.lang.AssertionError: expected [Men Tshirt] but found [Printed Off Shoulder Top - White]
at com.qa.testscripts.AddtoCartTest.verifyAddtoCartAsASignedInCustomer(AddtoCartTest.java:158)
at java.util.ArrayList.forEach(ArrayList.java:1257)
... Removed 33 stack frames]]>
    </failure>
  </testcase> <!-- verifyAddtoCartAsASignedInCustomer -->
  <testcase name="verifyAddtoCartByAddingMultipleQuantities" time="6.7" classname="com.qa.testscripts.AddtoCartTest"/>
  <testcase name="verifyAddtoCartByAddingSameProductMultiplyTimes" time="6.476" classname="com.qa.testscripts.AddtoCartTest"/>
  <testcase name="verifyAddtoCartByAddingZeroQuantities" time="6.203" classname="com.qa.testscripts.AddtoCartTest"/>
  <testcase name="verifyAddtoCartFromProductsPage" time="5.99" classname="com.qa.testscripts.AddtoCartTest"/>
  <testcase name="verifyAddtoCartFromViewItem" time="6.321" classname="com.qa.testscripts.AddtoCartTest"/>
  <testcase name="verifyCartAsGuestCustomer" time="7.557" classname="com.qa.testscripts.CheckoutTest"/>
  <testcase name="verifyCartAsSignedInCustomer" time="10.879" classname="com.qa.testscripts.CheckoutTest"/>
  <testcase name="verifyPlaceOrder" time="13.655" classname="com.qa.testscripts.CheckoutTest"/>
</testsuite> <!-- CartTest -->
