<?xml version="1.0" encoding="UTF-8"?>
<!-- Generated by org.testng.reporters.JUnitXMLReporter -->
<testsuite hostname="BLLCLAPUS1410" ignored="0" name="SearchTest" tests="18" failures="2" timestamp="2022-03-08T14:39:16 PST" time="123.432" errors="0">
  <testcase name="verifyAllCategoryIsShown" time="17.773" classname="com.qa.testscripts.CategoryProductTest"/>
  <testcase name="runScenario" time="21.074" classname="io.cucumber.testng.AbstractTestNGCucumberTests"/>
  <testcase name="verifyAllBrandsAreListed" time="25.002" classname="com.qa.testscripts.BrandProductTest"/>
  <testcase name="verifyAllSubCategoryIsShown" time="8.982" classname="com.qa.testscripts.CategoryProductTest"/>
  <testcase name="runScenario" time="10.529" classname="io.cucumber.testng.AbstractTestNGCucumberTests"/>
  <testcase name="verifyBrandListing" time="10.948" classname="com.qa.testscripts.BrandProductTest"/>
  <testcase name="verifyAllSubCategoryIsShown" time="9.741" classname="com.qa.testscripts.CategoryProductTest"/>
  <testcase name="verifyBrandListing" time="8.749" classname="com.qa.testscripts.BrandProductTest"/>
  <testcase name="verifyAllSubCategoryIsShown" time="8.41" classname="com.qa.testscripts.CategoryProductTest"/>
  <testcase name="verifySubCategorySearch" time="8.772" classname="com.qa.testscripts.CategoryProductTest"/>
  <testcase name="verifyProductCountUnderEachBrands" time="10.4" classname="com.qa.testscripts.BrandProductTest"/>
  <testcase name="runScenario" time="42.647" classname="io.cucumber.testng.AbstractTestNGCucumberTests"/>
  <testcase name="verifySubCategorySearch" time="14.179" classname="com.qa.testscripts.CategoryProductTest"/>
  <testcase name="verifyProductCountUnderEachBrands" time="13.644" classname="com.qa.testscripts.BrandProductTest"/>
  <testcase name="verifyProductCountUnderEachBrands" time="6.773" classname="com.qa.testscripts.BrandProductTest"/>
  <testcase name="runScenario" time="43.443" classname="io.cucumber.testng.AbstractTestNGCucumberTests"/>
  <testcase name="runScenario" time="4.569" classname="io.cucumber.testng.AbstractTestNGCucumberTests">
    <failure type="org.openqa.selenium.WebDriverException" message="unknown error: cannot determine loading status
from disconnected: received Inspector.detached event
  (Session info: chrome=99.0.4844.51)
Build info: version: &amp;apos;4.1.2&amp;apos;, revision: &amp;apos;9a5a329c5a&amp;apos;
System info: host: &amp;apos;BLLCLAPUS1410&amp;apos;, ip: &amp;apos;192.168.0.16&amp;apos;, os.name: &amp;apos;Windows 10&amp;apos;, os.arch: &amp;apos;amd64&amp;apos;, os.version: &amp;apos;10.0&amp;apos;, java.version: &amp;apos;1.8.0_202&amp;apos;
Driver info: org.openqa.selenium.chrome.ChromeDriver
Command: [5806d83247b2d4bf32d53af438119fa8, get {url=https://www.automationexercise.com/}]
Capabilities {acceptInsecureCerts: true, browserName: chrome, browserVersion: 99.0.4844.51, chrome: {chromedriverVersion: 98.0.4758.102 (273bf7ac8c90..., userDataDir: C:\Users\JAYASH~1.J\AppData...}, goog:chromeOptions: {debuggerAddress: localhost:60359}, javascriptEnabled: true, networkConnectionEnabled: false, pageLoadStrategy: normal, platform: WINDOWS, platformName: WINDOWS, proxy: Proxy(), se:cdp: ws://localhost:60359/devtoo..., se:cdpVersion: 99.0.4844.51, setWindowRect: true, strictFileInteractability: false, timeouts: {implicit: 0, pageLoad: 300000, script: 30000}, unhandledPromptBehavior: dismiss and notify, webauthn:extension:credBlob: true, webauthn:extension:largeBlob: true, webauthn:virtualAuthenticators: true}
Session ID: 5806d83247b2d4bf32d53af438119fa8">
      <![CDATA[org.openqa.selenium.WebDriverException: unknown error: cannot determine loading status
from disconnected: received Inspector.detached event
  (Session info: chrome=99.0.4844.51)
Build info: version: '4.1.2', revision: '9a5a329c5a'
System info: host: 'BLLCLAPUS1410', ip: '192.168.0.16', os.name: 'Windows 10', os.arch: 'amd64', os.version: '10.0', java.version: '1.8.0_202'
Driver info: org.openqa.selenium.chrome.ChromeDriver
Command: [5806d83247b2d4bf32d53af438119fa8, get {url=https://www.automationexercise.com/}]
Capabilities {acceptInsecureCerts: true, browserName: chrome, browserVersion: 99.0.4844.51, chrome: {chromedriverVersion: 98.0.4758.102 (273bf7ac8c90..., userDataDir: C:\Users\JAYASH~1.J\AppData...}, goog:chromeOptions: {debuggerAddress: localhost:60359}, javascriptEnabled: true, networkConnectionEnabled: false, pageLoadStrategy: normal, platform: WINDOWS, platformName: WINDOWS, proxy: Proxy(), se:cdp: ws://localhost:60359/devtoo..., se:cdpVersion: 99.0.4844.51, setWindowRect: true, strictFileInteractability: false, timeouts: {implicit: 0, pageLoad: 300000, script: 30000}, unhandledPromptBehavior: dismiss and notify, webauthn:extension:credBlob: true, webauthn:extension:largeBlob: true, webauthn:virtualAuthenticators: true}
Session ID: 5806d83247b2d4bf32d53af438119fa8
at org.openqa.selenium.remote.codec.w3c.W3CHttpResponseCodec.createException(W3CHttpResponseCodec.java:200)
at org.openqa.selenium.remote.codec.w3c.W3CHttpResponseCodec.decode(W3CHttpResponseCodec.java:133)
at org.openqa.selenium.remote.codec.w3c.W3CHttpResponseCodec.decode(W3CHttpResponseCodec.java:53)
at org.openqa.selenium.remote.HttpCommandExecutor.execute(HttpCommandExecutor.java:184)
at org.openqa.selenium.remote.service.DriverCommandExecutor.invokeExecute(DriverCommandExecutor.java:167)
at org.openqa.selenium.remote.service.DriverCommandExecutor.execute(DriverCommandExecutor.java:142)
at org.openqa.selenium.remote.RemoteWebDriver.execute(RemoteWebDriver.java:558)
at org.openqa.selenium.remote.RemoteWebDriver.get(RemoteWebDriver.java:327)
at com.qa.pages.AutomationExcerciseHomePage.open(AutomationExcerciseHomePage.java:15)
at com.qa.stepDefinitions.StepDefinition.I_am_on_Product_page_to_do_a_single_keyword_search(StepDefinition.java:43)
at âœ½.I am  on Product page to do a single keyword search(file:///C:/Users/jayashree.j/eclipse-workspace/AutomationExercise/src/test/java/com/qa/features/search.feature:31)
... Removed 4 stack frames]]>
    </failure>
  </testcase> <!-- runScenario -->
  <testcase name="runScenario" time="122.296" classname="io.cucumber.testng.AbstractTestNGCucumberTests">
    <failure type="java.lang.NullPointerException">
      <![CDATA[java.lang.NullPointerException
at com.qa.resources.BaseDriver.getScreenShotPath(BaseDriver.java:78)
at com.qa.testscripts.Listeners.onTestFailure(Listeners.java:40)
at java.util.concurrent.ThreadPoolExecutor.runWorker(ThreadPoolExecutor.java:1149)
at java.util.concurrent.ThreadPoolExecutor$Worker.run(ThreadPoolExecutor.java:624)
at java.lang.Thread.run(Thread.java:748)
... Removed 9 stack frames]]>
    </failure>
  </testcase> <!-- runScenario -->
</testsuite> <!-- SearchTest -->
