<?xml version="1.0" encoding="UTF-8"?>
<!-- Generated by org.testng.reporters.JUnitXMLReporter -->
<testsuite ignored="0" hostname="BLLCLAPUS1410" failures="1" tests="2" name="Test" time="16.239" errors="0" timestamp="2022-03-01T10:56:05 PST">
  <testcase classname="com.qa.testscripts.AutomationExcerciseHomePageTests" name="verifyPageTitle" time="8.205"/>
  <testcase classname="io.cucumber.testng.AbstractTestNGCucumberTests" name="runScenario" time="7.192">
    <failure type="io.cucumber.core.exception.CucumberException" message="Step [I see search result page with more than zero results] is defined with 0 parameters at &amp;apos;com.qa.stepDefinitions.StepDefinition.I_see_search_result_page_with_more_than_zero_results()&amp;apos;.
However, the gherkin step has 1 arguments:
 * Table:
      | searchtext |
      | blue       |
      | top        |
      | frozen     |

Step text: I see search result page with more than zero results">
      <![CDATA[io.cucumber.core.exception.CucumberException: Step [I see search result page with more than zero results] is defined with 0 parameters at 'com.qa.stepDefinitions.StepDefinition.I_see_search_result_page_with_more_than_zero_results()'.
However, the gherkin step has 1 arguments:
 * Table:
      | searchtext |
      | blue       |
      | top        |
      | frozen     |

Step text: I see search result page with more than zero results
at io.cucumber.core.runner.PickleStepDefinitionMatch.arityMismatch(PickleStepDefinitionMatch.java:83)
at io.cucumber.core.runner.PickleStepDefinitionMatch.runStep(PickleStepDefinitionMatch.java:42)
at io.cucumber.core.runner.ExecutionMode$1.execute(ExecutionMode.java:10)
at io.cucumber.core.runner.TestStep.executeStep(TestStep.java:86)
at io.cucumber.core.runner.TestStep.run(TestStep.java:57)
at io.cucumber.core.runner.PickleStepTestStep.run(PickleStepTestStep.java:51)
at io.cucumber.core.runner.TestCase.run(TestCase.java:95)
at io.cucumber.core.runner.Runner.runPickle(Runner.java:75)
at io.cucumber.testng.TestNGCucumberRunner.lambda$runScenario$1(TestNGCucumberRunner.java:132)
at io.cucumber.core.runtime.CucumberExecutionContext.lambda$runTestCase$3(CucumberExecutionContext.java:151)
at io.cucumber.core.runtime.RethrowingThrowableCollector.executeAndThrow(RethrowingThrowableCollector.java:23)
at io.cucumber.core.runtime.CucumberExecutionContext.runTestCase(CucumberExecutionContext.java:151)
at io.cucumber.testng.TestNGCucumberRunner.runScenario(TestNGCucumberRunner.java:129)
at io.cucumber.testng.AbstractTestNGCucumberTests.runScenario(AbstractTestNGCucumberTests.java:35)
at java.base/java.util.ArrayList.forEach(ArrayList.java:1511)
... Removed 31 stack frames]]>
    </failure>
  </testcase> <!-- runScenario -->
</testsuite> <!-- Test -->
